SF:lib\core\params\ibanValidationRequest.dart
DA:6,0
LF:1
LH:0
end_of_record
SF:lib\core\utils\resources\mainStrings.dart
DA:2,0
DA:79,0
DA:81,0
LF:3
LH:0
end_of_record
SF:lib\data\data_sources\remote\ibanValidateservice.g.dart
DA:10,0
DA:11,0
DA:19,0
DA:21,0
DA:25,0
DA:26,0
DA:27,0
DA:28,0
DA:29,0
DA:30,0
DA:32,0
DA:33,0
DA:34,0
DA:38,0
DA:39,0
DA:40,0
DA:41,0
DA:42,0
DA:43,0
DA:45,0
LF:20
LH:0
end_of_record
SF:lib\data\data_sources\remote\remoteDataState.dart
DA:7,0
DA:11,0
DA:12,0
DA:16,0
DA:17,0
LF:5
LH:0
end_of_record
SF:lib\data\repositories\ibanValidateRepositoryImpl.dart
DA:12,0
DA:15,0
DA:17,0
DA:19,0
DA:20,0
DA:21,0
DA:24,0
DA:25,0
DA:27,0
DA:28,0
DA:29,0
DA:30,0
DA:32,0
DA:35,0
DA:36,0
LF:15
LH:0
end_of_record
SF:lib\domain\entities\IbanValidate.dart
DA:7,0
DA:9,0
DA:11,0
DA:12,0
DA:13,0
DA:16,0
LF:6
LH:0
end_of_record
SF:lib\core\params\phoneValidationRequest.dart
DA:6,0
LF:1
LH:0
end_of_record
SF:lib\data\models\IbanValidateModel.dart
DA:5,0
DA:8,0
DA:13,0
DA:15,0
DA:16,0
DA:17,0
DA:20,0
LF:7
LH:0
end_of_record
SF:lib\data\data_sources\remote\phoneValidateservice.g.dart
DA:10,0
DA:11,0
DA:19,0
DA:22,0
DA:26,0
DA:27,0
DA:28,0
DA:29,0
DA:30,0
DA:31,0
DA:33,0
DA:34,0
DA:35,0
DA:39,0
DA:40,0
DA:41,0
DA:42,0
DA:43,0
DA:44,0
DA:46,0
LF:20
LH:0
end_of_record
SF:lib\data\models\phoneValidateModel.dart
DA:4,0
DA:12,0
DA:21,0
DA:23,0
DA:24,0
DA:25,0
DA:26,0
DA:27,0
DA:28,0
DA:29,0
DA:30,0
DA:31,0
DA:34,0
DA:40,0
DA:43,0
DA:50,0
DA:52,0
DA:53,0
DA:54,0
DA:57,0
DA:64,0
DA:68,0
DA:76,0
DA:78,0
DA:79,0
DA:80,0
DA:81,0
DA:84,0
LF:28
LH:0
end_of_record
SF:lib\domain\entities\phoneValidate.dart
DA:12,0
DA:21,0
DA:23,0
DA:25,0
DA:34,0
DA:36,0
DA:38,0
DA:41,0
DA:50,0
DA:52,0
DA:54,0
DA:56,0
LF:12
LH:0
end_of_record
SF:lib\data\repositories\phoneValidateRepositoryImpl.dart
DA:16,0
DA:19,0
DA:21,0
DA:22,0
DA:23,0
DA:26,0
DA:27,0
DA:29,0
DA:30,0
DA:31,0
DA:32,0
DA:34,0
DA:37,0
DA:38,0
LF:14
LH:0
end_of_record
SF:lib\domain\usecases\getIibanValidateUsecase.dart
DA:10,0
DA:12,0
DA:14,0
LF:3
LH:0
end_of_record
SF:lib\domain\usecases\getPhoneValidateUsecase.dart
DA:13,0
DA:15,0
DA:17,0
LF:3
LH:0
end_of_record
